# JRE version: Java(TM) SE Runtime Environment (21.0.2+13) (build 21.0.2+13-LTS-58)
# Java VM: Java HotSpot(TM) 64-Bit Server VM (21.0.2+13-LTS-58, mixed mode, sharing, tiered, compressed oops, compressed class ptrs, g1 gc, windows-amd64)
GC Precious Log:
 CardTable entry size: 512
 Card Set container configuration: InlinePtr #cards 5 size 8 Array Of Cards #cards 12 size 40 Howl #buckets 4 coarsen threshold 1843 Howl Bitmap #cards 512 size 80 coarsen threshold 460 Card regions per heap region 1 cards per card region 2048
 CPUs: 12 total, 12 available
 Memory: 16147M
 Large Page Support: Disabled
 NUMA Support: Disabled
 Compressed Oops: Enabled (32-bit)
 Heap Region Size: 1M
 Heap Min Capacity: 8M
 Heap Initial Capacity: 30M
 Heap Max Capacity: 30M
 Pre-touch: Disabled
 Parallel Workers: 10
 Concurrent Workers: 3
 Concurrent Refinement Workers: 10
 Periodic GC: Disabled
Heap:
 garbage-first heap   total 30720K, used 21504K [0x00000000fe200000, 0x0000000100000000)
  region size 1024K, 3 young (3072K), 1 survivors (1024K)
 Metaspace       used 15019K, committed 17536K, reserved 1114112K
  class space    used 1566K, committed 2240K, reserved 1048576K
GC Heap History (20 events):
Event: 68.851 GC heap before
{Heap before GC invocations=183 (full 0):
 garbage-first heap   total 30720K, used 26150K [0x00000000fe200000, 0x0000000100000000)
  region size 1024K, 6 young (6144K), 1 survivors (1024K)
 Metaspace       used 15084K, committed 17536K, reserved 1114112K
  class space    used 1593K, committed 2240K, reserved 1048576K
}
Event: 68.857 GC heap after
{Heap after GC invocations=184 (full 0):
 garbage-first heap   total 30720K, used 18823K [0x00000000fe200000, 0x0000000100000000)
  region size 1024K, 1 young (1024K), 1 survivors (1024K)
 Metaspace       used 15084K, committed 17536K, reserved 1114112K
  class space    used 1593K, committed 2240K, reserved 1048576K
}
Event: 69.185 GC heap before
{Heap before GC invocations=184 (full 0):
 garbage-first heap   total 30720K, used 24967K [0x00000000fe200000, 0x0000000100000000)
  region size 1024K, 7 young (7168K), 1 survivors (1024K)
 Metaspace       used 15130K, committed 17536K, reserved 1114112K
  class space    used 1611K, committed 2240K, reserved 1048576K
}
Event: 69.192 GC heap after
{Heap after GC invocations=185 (full 0):
 garbage-first heap   total 30720K, used 20456K [0x00000000fe200000, 0x0000000100000000)
  region size 1024K, 1 young (1024K), 1 survivors (1024K)
 Metaspace       used 15130K, committed 17536K, reserved 1114112K
  class space    used 1611K, committed 2240K, reserved 1048576K
}
Event: 69.478 GC heap before
{Heap before GC invocations=186 (full 0):
 garbage-first heap   total 30720K, used 25576K [0x00000000fe200000, 0x0000000100000000)
  region size 1024K, 6 young (6144K), 1 survivors (1024K)
 Metaspace       used 15045K, committed 17536K, reserved 1114112K
  class space    used 1577K, committed 2240K, reserved 1048576K
}
Event: 69.485 GC heap after
{Heap after GC invocations=187 (full 0):
 garbage-first heap   total 30720K, used 21086K [0x00000000fe200000, 0x0000000100000000)
  region size 1024K, 1 young (1024K), 1 survivors (1024K)
 Metaspace       used 15045K, committed 17536K, reserved 1114112K
  class space    used 1577K, committed 2240K, reserved 1048576K
}
Event: 69.773 GC heap before
{Heap before GC invocations=187 (full 0):
 garbage-first heap   total 30720K, used 26206K [0x00000000fe200000, 0x0000000100000000)
  region size 1024K, 6 young (6144K), 1 survivors (1024K)
 Metaspace       used 15084K, committed 17536K, reserved 1114112K
  class space    used 1593K, committed 2240K, reserved 1048576K
}
Event: 69.780 GC heap after
{Heap after GC invocations=188 (full 0):
 garbage-first heap   total 30720K, used 18851K [0x00000000fe200000, 0x0000000100000000)
  region size 1024K, 1 young (1024K), 1 survivors (1024K)
 Metaspace       used 15084K, committed 17536K, reserved 1114112K
  class space    used 1593K, committed 2240K, reserved 1048576K
}
Event: 70.119 GC heap before
{Heap before GC invocations=188 (full 0):
 garbage-first heap   total 30720K, used 24995K [0x00000000fe200000, 0x0000000100000000)
  region size 1024K, 7 young (7168K), 1 survivors (1024K)
 Metaspace       used 15133K, committed 17536K, reserved 1114112K
  class space    used 1612K, committed 2240K, reserved 1048576K
}
Event: 70.127 GC heap after
{Heap after GC invocations=189 (full 0):
 garbage-first heap   total 30720K, used 20052K [0x00000000fe200000, 0x0000000100000000)
  region size 1024K, 1 young (1024K), 1 survivors (1024K)
 Metaspace       used 15133K, committed 17536K, reserved 1114112K
  class space    used 1612K, committed 2240K, reserved 1048576K
}
Event: 70.387 GC heap before
{Heap before GC invocations=189 (full 0):
 garbage-first heap   total 30720K, used 25172K [0x00000000fe200000, 0x0000000100000000)
  region size 1024K, 6 young (6144K), 1 survivors (1024K)
 Metaspace       used 15170K, committed 17536K, reserved 1114112K
  class space    used 1626K, committed 2240K, reserved 1048576K
}
Event: 70.393 GC heap after
{Heap after GC invocations=190 (full 0):
 garbage-first heap   total 30720K, used 20649K [0x00000000fe200000, 0x0000000100000000)
  region size 1024K, 1 young (1024K), 1 survivors (1024K)
 Metaspace       used 15170K, committed 17536K, reserved 1114112K
  class space    used 1626K, committed 2240K, reserved 1048576K
}
Event: 70.713 GC heap before
{Heap before GC invocations=191 (full 0):
 garbage-first heap   total 30720K, used 25769K [0x00000000fe200000, 0x0000000100000000)
  region size 1024K, 6 young (6144K), 1 survivors (1024K)
 Metaspace       used 15045K, committed 17536K, reserved 1114112K
  class space    used 1577K, committed 2240K, reserved 1048576K
}
Event: 70.720 GC heap after
{Heap after GC invocations=192 (full 0):
 garbage-first heap   total 30720K, used 20914K [0x00000000fe200000, 0x0000000100000000)
  region size 1024K, 1 young (1024K), 1 survivors (1024K)
 Metaspace       used 15045K, committed 17536K, reserved 1114112K
  class space    used 1577K, committed 2240K, reserved 1048576K
}
Event: 71.001 GC heap before
{Heap before GC invocations=192 (full 0):
 garbage-first heap   total 30720K, used 26034K [0x00000000fe200000, 0x0000000100000000)
  region size 1024K, 6 young (6144K), 1 survivors (1024K)
 Metaspace       used 15084K, committed 17536K, reserved 1114112K
  class space    used 1593K, committed 2240K, reserved 1048576K
}
Event: 71.009 GC heap after
{Heap after GC invocations=193 (full 0):
 garbage-first heap   total 30720K, used 18958K [0x00000000fe200000, 0x0000000100000000)
  region size 1024K, 1 young (1024K), 1 survivors (1024K)
 Metaspace       used 15084K, committed 17536K, reserved 1114112K
  class space    used 1593K, committed 2240K, reserved 1048576K
}
Event: 71.346 GC heap before
{Heap before GC invocations=193 (full 0):
 garbage-first heap   total 30720K, used 25102K [0x00000000fe200000, 0x0000000100000000)
  region size 1024K, 7 young (7168K), 1 survivors (1024K)
 Metaspace       used 15133K, committed 17536K, reserved 1114112K
  class space    used 1611K, committed 2240K, reserved 1048576K
}
Event: 71.354 GC heap after
{Heap after GC invocations=194 (full 0):
 garbage-first heap   total 30720K, used 19938K [0x00000000fe200000, 0x0000000100000000)
  region size 1024K, 1 young (1024K), 1 survivors (1024K)
 Metaspace       used 15133K, committed 17536K, reserved 1114112K
  class space    used 1611K, committed 2240K, reserved 1048576K
}
Event: 71.634 GC heap before
{Heap before GC invocations=194 (full 0):
 garbage-first heap   total 30720K, used 25058K [0x00000000fe200000, 0x0000000100000000)
  region size 1024K, 6 young (6144K), 1 survivors (1024K)
 Metaspace       used 15173K, committed 17536K, reserved 1114112K
  class space    used 1626K, committed 2240K, reserved 1048576K
}
Event: 71.641 GC heap after
{Heap after GC invocations=195 (full 0):
 garbage-first heap   total 30720K, used 20480K [0x00000000fe200000, 0x0000000100000000)
  region size 1024K, 1 young (1024K), 1 survivors (1024K)
 Metaspace       used 15173K, committed 17536K, reserved 1114112K
  class space    used 1626K, committed 2240K, reserved 1048576K
}

